# JRE version: OpenJDK Runtime Environment (8.0_362-b08) (build 1.8.0_362-b08)
# Java VM: OpenJDK 64-Bit Server VM (25.362-b08 mixed mode windows-amd64 compressed oops)
Heap:
 PSYoungGen      total 182784K, used 144398K [0x000000076b200000, 0x000000077a280000, 0x00000007c0000000)
  eden space 168960K, 85% used [0x000000076b200000,0x0000000773f03828,0x0000000775700000)
  from space 13824K, 0% used [0x0000000776400000,0x0000000776400000,0x0000000777180000)
  to   space 13312K, 0% used [0x0000000775700000,0x0000000775700000,0x0000000776400000)
 ParOldGen       total 134144K, used 14148K [0x00000006c1600000, 0x00000006c9900000, 0x000000076b200000)
  object space 134144K, 10% used [0x00000006c1600000,0x00000006c23d1110,0x00000006c9900000)
 Metaspace       used 46584K, capacity 49290K, committed 49408K, reserved 1091584K
  class space    used 6144K, capacity 6642K, committed 6656K, reserved 1048576K
GC Heap History (10 events):
Event: 1.568 GC heap before
{Heap before GC invocations=4 (full 1):
 PSYoungGen      total 76288K, used 7989K [0x000000076b200000, 0x0000000774700000, 0x00000007c0000000)
  eden space 65536K, 0% used [0x000000076b200000,0x000000076b200000,0x000000076f200000)
  from space 10752K, 74% used [0x000000076f200000,0x000000076f9cd7a8,0x000000076fc80000)
  to   space 10752K, 0% used [0x0000000773c80000,0x0000000773c80000,0x0000000774700000)
 ParOldGen       total 175104K, used 996K [0x00000006c1600000, 0x00000006cc100000, 0x000000076b200000)
  object space 175104K, 0% used [0x00000006c1600000,0x00000006c16f9318,0x00000006cc100000)
 Metaspace       used 20252K, capacity 21224K, committed 21296K, reserved 1067008K
  class space    used 2679K, capacity 2924K, committed 2944K, reserved 1048576K
Event: 1.583 GC heap after
Heap after GC invocations=4 (full 1):
 PSYoungGen      total 76288K, used 0K [0x000000076b200000, 0x0000000774700000, 0x00000007c0000000)
  eden space 65536K, 0% used [0x000000076b200000,0x000000076b200000,0x000000076f200000)
  from space 10752K, 0% used [0x000000076f200000,0x000000076f200000,0x000000076fc80000)
  to   space 10752K, 0% used [0x0000000773c80000,0x0000000773c80000,0x0000000774700000)
 ParOldGen       total 97792K, used 7648K [0x00000006c1600000, 0x00000006c7580000, 0x000000076b200000)
  object space 97792K, 7% used [0x00000006c1600000,0x00000006c1d78328,0x00000006c7580000)
 Metaspace       used 20252K, capacity 21224K, committed 21296K, reserved 1067008K
  class space    used 2679K, capacity 2924K, committed 2944K, reserved 1048576K
}
Event: 2.006 GC heap before
{Heap before GC invocations=5 (full 1):
 PSYoungGen      total 76288K, used 65536K [0x000000076b200000, 0x0000000774700000, 0x00000007c0000000)
  eden space 65536K, 100% used [0x000000076b200000,0x000000076f200000,0x000000076f200000)
  from space 10752K, 0% used [0x000000076f200000,0x000000076f200000,0x000000076fc80000)
  to   space 10752K, 0% used [0x0000000773c80000,0x0000000773c80000,0x0000000774700000)
 ParOldGen       total 97792K, used 7648K [0x00000006c1600000, 0x00000006c7580000, 0x000000076b200000)
  object space 97792K, 7% used [0x00000006c1600000,0x00000006c1d78328,0x00000006c7580000)
 Metaspace       used 25055K, capacity 26750K, committed 26880K, reserved 1073152K
  class space    used 3434K, capacity 3753K, committed 3840K, reserved 1048576K
Event: 2.010 GC heap after
Heap after GC invocations=5 (full 1):
 PSYoungGen      total 114176K, used 7390K [0x000000076b200000, 0x0000000774400000, 0x00000007c0000000)
  eden space 106496K, 0% used [0x000000076b200000,0x000000076b200000,0x0000000771a00000)
  from space 7680K, 96% used [0x0000000773c80000,0x00000007743b79f0,0x0000000774400000)
  to   space 10752K, 0% used [0x0000000772f00000,0x0000000772f00000,0x0000000773980000)
 ParOldGen       total 97792K, used 7656K [0x00000006c1600000, 0x00000006c7580000, 0x000000076b200000)
  object space 97792K, 7% used [0x00000006c1600000,0x00000006c1d7a328,0x00000006c7580000)
 Metaspace       used 25055K, capacity 26750K, committed 26880K, reserved 1073152K
  class space    used 3434K, capacity 3753K, committed 3840K, reserved 1048576K
}
Event: 3.030 GC heap before
{Heap before GC invocations=6 (full 1):
 PSYoungGen      total 114176K, used 113886K [0x000000076b200000, 0x0000000774400000, 0x00000007c0000000)
  eden space 106496K, 100% used [0x000000076b200000,0x0000000771a00000,0x0000000771a00000)
  from space 7680K, 96% used [0x0000000773c80000,0x00000007743b79f0,0x0000000774400000)
  to   space 10752K, 0% used [0x0000000772f00000,0x0000000772f00000,0x0000000773980000)
 ParOldGen       total 97792K, used 7656K [0x00000006c1600000, 0x00000006c7580000, 0x000000076b200000)
  object space 97792K, 7% used [0x00000006c1600000,0x00000006c1d7a328,0x00000006c7580000)
 Metaspace       used 32745K, capacity 34808K, committed 34944K, reserved 1079296K
  class space    used 4481K, capacity 4928K, committed 4992K, reserved 1048576K
Event: 3.037 GC heap after
Heap after GC invocations=6 (full 1):
 PSYoungGen      total 138752K, used 10724K [0x000000076b200000, 0x0000000777180000, 0x00000007c0000000)
  eden space 128000K, 0% used [0x000000076b200000,0x000000076b200000,0x0000000772f00000)
  from space 10752K, 99% used [0x0000000772f00000,0x00000007739791d8,0x0000000773980000)
  to   space 13824K, 0% used [0x0000000776400000,0x0000000776400000,0x0000000777180000)
 ParOldGen       total 97792K, used 8719K [0x00000006c1600000, 0x00000006c7580000, 0x000000076b200000)
  object space 97792K, 8% used [0x00000006c1600000,0x00000006c1e83fe8,0x00000006c7580000)
 Metaspace       used 32745K, capacity 34808K, committed 34944K, reserved 1079296K
  class space    used 4481K, capacity 4928K, committed 4992K, reserved 1048576K
}
Event: 3.096 GC heap before
{Heap before GC invocations=7 (full 1):
 PSYoungGen      total 138752K, used 24053K [0x000000076b200000, 0x0000000777180000, 0x00000007c0000000)
  eden space 128000K, 10% used [0x000000076b200000,0x000000076bf04378,0x0000000772f00000)
  from space 10752K, 99% used [0x0000000772f00000,0x00000007739791d8,0x0000000773980000)
  to   space 13824K, 0% used [0x0000000776400000,0x0000000776400000,0x0000000777180000)
 ParOldGen       total 97792K, used 8719K [0x00000006c1600000, 0x00000006c7580000, 0x000000076b200000)
  object space 97792K, 8% used [0x00000006c1600000,0x00000006c1e83fe8,0x00000006c7580000)
 Metaspace       used 33303K, capacity 35386K, committed 35456K, reserved 1079296K
  class space    used 4570K, capacity 4981K, committed 4992K, reserved 1048576K
Event: 3.100 GC heap after
Heap after GC invocations=7 (full 1):
 PSYoungGen      total 182784K, used 7878K [0x000000076b200000, 0x000000077a280000, 0x00000007c0000000)
  eden space 168960K, 0% used [0x000000076b200000,0x000000076b200000,0x0000000775700000)
  from space 13824K, 56% used [0x0000000776400000,0x0000000776bb1a98,0x0000000777180000)
  to   space 13312K, 0% used [0x0000000775700000,0x0000000775700000,0x0000000776400000)
 ParOldGen       total 97792K, used 8727K [0x00000006c1600000, 0x00000006c7580000, 0x000000076b200000)
  object space 97792K, 8% used [0x00000006c1600000,0x00000006c1e85fe8,0x00000006c7580000)
 Metaspace       used 33303K, capacity 35386K, committed 35456K, reserved 1079296K
  class space    used 4570K, capacity 4981K, committed 4992K, reserved 1048576K
}
Event: 3.100 GC heap before
{Heap before GC invocations=8 (full 2):
 PSYoungGen      total 182784K, used 7878K [0x000000076b200000, 0x000000077a280000, 0x00000007c0000000)
  eden space 168960K, 0% used [0x000000076b200000,0x000000076b200000,0x0000000775700000)
  from space 13824K, 56% used [0x0000000776400000,0x0000000776bb1a98,0x0000000777180000)
  to   space 13312K, 0% used [0x0000000775700000,0x0000000775700000,0x0000000776400000)
 ParOldGen       total 97792K, used 8727K [0x00000006c1600000, 0x00000006c7580000, 0x000000076b200000)
  object space 97792K, 8% used [0x00000006c1600000,0x00000006c1e85fe8,0x00000006c7580000)
 Metaspace       used 33303K, capacity 35386K, committed 35456K, reserved 1079296K
  class space    used 4570K, capacity 4981K, committed 4992K, reserved 1048576K
Event: 3.122 GC heap after
Heap after GC invocations=8 (full 2):
 PSYoungGen      total 182784K, used 0K [0x000000076b200000, 0x000000077a280000, 0x00000007c0000000)
  eden space 168960K, 0% used [0x000000076b200000,0x000000076b200000,0x0000000775700000)
  from space 13824K, 0% used [0x0000000776400000,0x0000000776400000,0x0000000777180000)
  to   space 13312K, 0% used [0x0000000775700000,0x0000000775700000,0x0000000776400000)
 ParOldGen       total 134144K, used 14148K [0x00000006c1600000, 0x00000006c9900000, 0x000000076b200000)
  object space 134144K, 10% used [0x00000006c1600000,0x00000006c23d1110,0x00000006c9900000)
 Metaspace       used 33303K, capacity 35386K, committed 35456K, reserved 1079296K
  class space    used 4570K, capacity 4981K, committed 4992K, reserved 1048576K
}

